<?xml version="1.0" encoding="UTF-8"?>
<testsuites>
  <testsuite name="fastlane.lanes">
    
    
    
      
      <testcase classname="fastlane.lanes" name="0: default_platform" time="0.016698">
        
      </testcase>
    
      
      <testcase classname="fastlane.lanes" name="1: gradle" time="11.517468">
        
          <failure message="/Library/Ruby/Gems/2.3.0/gems/fastlane-2.96.1/fastlane/lib/fastlane/actions/actions_helper.rb:48:in `execute_action'&#10;/Library/Ruby/Gems/2.3.0/gems/fastlane-2.96.1/fastlane/lib/fastlane/runner.rb:236:in `block in execute_action'&#10;/Library/Ruby/Gems/2.3.0/gems/fastlane-2.96.1/fastlane/lib/fastlane/runner.rb:231:in `chdir'&#10;/Library/Ruby/Gems/2.3.0/gems/fastlane-2.96.1/fastlane/lib/fastlane/runner.rb:231:in `execute_action'&#10;/Library/Ruby/Gems/2.3.0/gems/fastlane-2.96.1/fastlane/lib/fastlane/runner.rb:157:in `trigger_action_by_name'&#10;/Library/Ruby/Gems/2.3.0/gems/fastlane-2.96.1/fastlane/lib/fastlane/fast_file.rb:149:in `method_missing'&#10;Fastfile:21:in `block (2 levels) in parsing_binding'&#10;/Library/Ruby/Gems/2.3.0/gems/fastlane-2.96.1/fastlane/lib/fastlane/lane.rb:33:in `call'&#10;/Library/Ruby/Gems/2.3.0/gems/fastlane-2.96.1/fastlane/lib/fastlane/runner.rb:49:in `block in execute'&#10;/Library/Ruby/Gems/2.3.0/gems/fastlane-2.96.1/fastlane/lib/fastlane/runner.rb:45:in `chdir'&#10;/Library/Ruby/Gems/2.3.0/gems/fastlane-2.96.1/fastlane/lib/fastlane/runner.rb:45:in `execute'&#10;/Library/Ruby/Gems/2.3.0/gems/fastlane-2.96.1/fastlane/lib/fastlane/lane_manager.rb:59:in `cruise_lane'&#10;/Library/Ruby/Gems/2.3.0/gems/fastlane-2.96.1/fastlane/lib/fastlane/command_line_handler.rb:36:in `handle'&#10;/Library/Ruby/Gems/2.3.0/gems/fastlane-2.96.1/fastlane/lib/fastlane/commands_generator.rb:107:in `block (2 levels) in run'&#10;/Library/Ruby/Gems/2.3.0/gems/commander-fastlane-4.4.6/lib/commander/command.rb:178:in `call'&#10;/Library/Ruby/Gems/2.3.0/gems/commander-fastlane-4.4.6/lib/commander/command.rb:153:in `run'&#10;/Library/Ruby/Gems/2.3.0/gems/commander-fastlane-4.4.6/lib/commander/runner.rb:476:in `run_active_command'&#10;/Library/Ruby/Gems/2.3.0/gems/fastlane-2.96.1/fastlane_core/lib/fastlane_core/ui/fastlane_runner.rb:75:in `run!'&#10;/Library/Ruby/Gems/2.3.0/gems/commander-fastlane-4.4.6/lib/commander/delegates.rb:15:in `run!'&#10;/Library/Ruby/Gems/2.3.0/gems/fastlane-2.96.1/fastlane/lib/fastlane/commands_generator.rb:332:in `run'&#10;/Library/Ruby/Gems/2.3.0/gems/fastlane-2.96.1/fastlane/lib/fastlane/commands_generator.rb:41:in `start'&#10;/Library/Ruby/Gems/2.3.0/gems/fastlane-2.96.1/fastlane/lib/fastlane/cli_tools_distributor.rb:108:in `take_off'&#10;/Library/Ruby/Gems/2.3.0/gems/fastlane-2.96.1/bin/fastlane:20:in `&lt;top (required)&gt;'&#10;/usr/local/bin/fastlane:22:in `load'&#10;/usr/local/bin/fastlane:22:in `&lt;main&gt;'&#10;&#10;Exit status of command '/Users/astait/IdeaProjects/app/android/gradlew test -p .' was 1 instead of 0.&#10;Failed to notify ProjectEvaluationListener.afterEvaluate(), but primary configuration failure takes precedence.&#10;java.lang.IllegalStateException: buildToolsVersion is not specified.&#10;	at com.google.common.base.Preconditions.checkState(Preconditions.java:173)&#10;	at com.android.build.gradle.BasePlugin.createAndroidTasks(BasePlugin.java:645)&#10;	at com.android.build.gradle.BasePlugin$10.call(BasePlugin.java:608)&#10;	at com.android.build.gradle.BasePlugin$10.call(BasePlugin.java:605)&#10;	at com.android.builder.profile.ThreadRecorder.record(ThreadRecorder.java:156)&#10;	at com.android.builder.profile.ThreadRecorder.record(ThreadRecorder.java:120)&#10;	at com.android.build.gradle.BasePlugin.lambda$createTasks$1(BasePlugin.java:603)&#10;	at org.gradle.internal.event.BroadcastDispatch$ActionInvocationHandler.dispatch(BroadcastDispatch.java:93)&#10;	at org.gradle.internal.event.BroadcastDispatch$ActionInvocationHandler.dispatch(BroadcastDispatch.java:82)&#10;	at org.gradle.internal.event.AbstractBroadcastDispatch.dispatch(AbstractBroadcastDispatch.java:44)&#10;	at org.gradle.internal.event.BroadcastDispatch.dispatch(BroadcastDispatch.java:79)&#10;	at org.gradle.internal.event.BroadcastDispatch.dispatch(BroadcastDispatch.java:30)&#10;	at org.gradle.internal.dispatch.ProxyDispatchAdapter$DispatchingInvocationHandler.invoke(ProxyDispatchAdapter.java:93)&#10;	at com.sun.proxy.$Proxy10.afterEvaluate(Unknown Source)&#10;	at org.gradle.configuration.project.LifecycleProjectEvaluator.notifyAfterEvaluate(LifecycleProjectEvaluator.java:67)&#10;	at org.gradle.configuration.project.LifecycleProjectEvaluator.evaluate(LifecycleProjectEvaluator.java:61)&#10;	at org.gradle.api.internal.project.AbstractProject.evaluate(AbstractProject.java:540)&#10;	at org.gradle.api.internal.project.AbstractProject.evaluate(AbstractProject.java:93)&#10;	at org.gradle.execution.TaskPathProjectEvaluator.configureHierarchy(TaskPathProjectEvaluator.java:47)&#10;	at org.gradle.configuration.DefaultBuildConfigurer.configure(DefaultBuildConfigurer.java:35)&#10;	at org.gradle.initialization.DefaultGradleLauncher$2.run(DefaultGradleLauncher.java:124)&#10;	at org.gradle.internal.Factories$1.create(Factories.java:22)&#10;	at org.gradle.internal.progress.DefaultBuildOperationExecutor.run(DefaultBuildOperationExecutor.java:91)&#10;	at org.gradle.internal.progress.DefaultBuildOperationExecutor.run(DefaultBuildOperationExecutor.java:53)&#10;	at org.gradle.initialization.DefaultGradleLauncher.doBuildStages(DefaultGradleLauncher.java:121)&#10;	at org.gradle.initialization.DefaultGradleLauncher.access$200(DefaultGradleLauncher.java:32)&#10;	at org.gradle.initialization.DefaultGradleLauncher$1.create(DefaultGradleLauncher.java:98)&#10;	at org.gradle.initialization.DefaultGradleLauncher$1.create(DefaultGradleLauncher.java:92)&#10;	at org.gradle.internal.progress.DefaultBuildOperationExecutor.run(DefaultBuildOperationExecutor.java:91)&#10;	at org.gradle.internal.progress.DefaultBuildOperationExecutor.run(DefaultBuildOperationExecutor.java:63)&#10;	at org.gradle.initialization.DefaultGradleLauncher.doBuild(DefaultGradleLauncher.java:92)&#10;	at org.gradle.initialization.DefaultGradleLauncher.run(DefaultGradleLauncher.java:83)&#10;	at org.gradle.launcher.exec.InProcessBuildActionExecuter$DefaultBuildController.run(InProcessBuildActionExecuter.java:99)&#10;	at org.gradle.tooling.internal.provider.ExecuteBuildActionRunner.run(ExecuteBuildActionRunner.java:28)&#10;	at org.gradle.launcher.exec.ChainingBuildActionRunner.run(ChainingBuildActionRunner.java:35)&#10;	at org.gradle.launcher.exec.InProcessBuildActionExecuter.execute(InProcessBuildActionExecuter.java:48)&#10;	at org.gradle.launcher.exec.InProcessBuildActionExecuter.execute(InProcessBuildActionExecuter.java:30)&#10;	at org.gradle.launcher.exec.ContinuousBuildActionExecuter.execute(ContinuousBuildActionExecuter.java:81)&#10;	at org.gradle.launcher.exec.ContinuousBuildActionExecuter.execute(ContinuousBuildActionExecuter.java:46)&#10;	at org.gradle.launcher.exec.DaemonUsageSuggestingBuildActionExecuter.execute(DaemonUsageSuggestingBuildActionExecuter.java:51)&#10;	at org.gradle.launcher.exec.DaemonUsageSuggestingBuildActionExecuter.execute(DaemonUsageSuggestingBuildActionExecuter.java:28)&#10;	at org.gradle.launcher.cli.RunBuildAction.run(RunBuildAction.java:43)&#10;	at org.gradle.internal.Actions$RunnableActionAdapter.execute(Actions.java:173)&#10;	at org.gradle.launcher.cli.CommandLineActionFactory$ParseAndBuildAction.execute(CommandLineActionFactory.java:239)&#10;	at org.gradle.launcher.cli.CommandLineActionFactory$ParseAndBuildAction.execute(CommandLineActionFactory.java:212)&#10;	at org.gradle.launcher.cli.JavaRuntimeValidationAction.execute(JavaRuntimeValidationAction.java:35)&#10;	at org.gradle.launcher.cli.JavaRuntimeValidationAction.execute(JavaRuntimeValidationAction.java:24)&#10;	at org.gradle.launcher.cli.ExceptionReportingAction.execute(ExceptionReportingAction.java:33)&#10;	at org.gradle.launcher.cli.ExceptionReportingAction.execute(ExceptionReportingAction.java:22)&#10;	at org.gradle.launcher.cli.CommandLineActionFactory$WithLogging.execute(CommandLineActionFactory.java:205)&#10;	at org.gradle.launcher.cli.CommandLineActionFactory$WithLogging.execute(CommandLineActionFactory.java:169)&#10;	at org.gradle.launcher.Main.doAction(Main.java:33)&#10;	at org.gradle.launcher.bootstrap.EntryPoint.run(EntryPoint.java:45)&#10;	at sun.reflect.NativeMethodAccessorImpl.invoke0(Native Method)&#10;	at sun.reflect.NativeMethodAccessorImpl.invoke(NativeMethodAccessorImpl.java:62)&#10;	at sun.reflect.DelegatingMethodAccessorImpl.invoke(DelegatingMethodAccessorImpl.java:43)&#10;	at java.lang.reflect.Method.invoke(Method.java:498)&#10;	at org.gradle.launcher.bootstrap.ProcessBootstrap.runNoExit(ProcessBootstrap.java:55)&#10;	at org.gradle.launcher.bootstrap.ProcessBootstrap.run(ProcessBootstrap.java:36)&#10;	at org.gradle.launcher.GradleMain.main(GradleMain.java:23)&#10;	at sun.reflect.NativeMethodAccessorImpl.invoke0(Native Method)&#10;	at sun.reflect.NativeMethodAccessorImpl.invoke(NativeMethodAccessorImpl.java:62)&#10;	at sun.reflect.DelegatingMethodAccessorImpl.invoke(DelegatingMethodAccessorImpl.java:43)&#10;	at java.lang.reflect.Method.invoke(Method.java:498)&#10;	at org.gradle.wrapper.BootstrapMainStarter.start(BootstrapMainStarter.java:30)&#10;	at org.gradle.wrapper.WrapperExecutor.execute(WrapperExecutor.java:127)&#10;	at org.gradle.wrapper.GradleWrapperMain.main(GradleWrapperMain.java:61)&#10;&#10;FAILURE: Build failed with an exception.&#10;&#10;* Where:&#10;Build file '/Users/astait/IdeaProjects/app/android/app/build.gradle' line: 79&#10;&#10;* What went wrong:&#10;A problem occurred evaluating project ':app'.&#10;&gt; Could not read script '/Users/astait/IdeaProjects/app/node_modules/react-native/react.gradle' as it does not exist.&#10;&#10;* Try:&#10;Run with --stacktrace option to get the stack trace. Run with --info or --debug option to get more log output.&#10;&#10;BUILD FAILED&#10;&#10;Total time: 10.665 secs&#10;" />
        
      </testcase>
    
  </testsuite>
</testsuites>
